Arguments: 
  /Users/than1/.nvm/versions/node/v10.22.1/bin/node /Users/than1/.nvm/versions/node/v10.22.1/bin/yarn add gh-pages

PATH: 
  /opt/anaconda3/bin:/opt/anaconda3/condabin:/Users/than1/.nvm/versions/node/v10.22.1/bin:/opt/apache-maven-3.6.3/bin:/usr/local/bin:/usr/bin:/bin:/usr/sbin:/sbin:/Library/Apple/usr/bin

Yarn version: 
  1.22.10

Node version: 
  10.22.1

Platform: 
  darwin x64

Trace: 
  Error: https://registry.npmjs.intuit.com/react: Request "https://registry.npmjs.intuit.com/react" returned a 403
      at Request.params.callback [as _callback] (/Users/than1/.nvm/versions/node/v10.22.1/lib/node_modules/yarn/lib/cli.js:66997:18)
      at Request.self.callback (/Users/than1/.nvm/versions/node/v10.22.1/lib/node_modules/yarn/lib/cli.js:140662:22)
      at Request.emit (events.js:198:13)
      at Request.<anonymous> (/Users/than1/.nvm/versions/node/v10.22.1/lib/node_modules/yarn/lib/cli.js:141634:10)
      at Request.emit (events.js:198:13)
      at IncomingMessage.<anonymous> (/Users/than1/.nvm/versions/node/v10.22.1/lib/node_modules/yarn/lib/cli.js:141556:12)
      at Object.onceWrapper (events.js:286:20)
      at IncomingMessage.emit (events.js:203:15)
      at endReadableNT (_stream_readable.js:1145:12)
      at process._tickCallback (internal/process/next_tick.js:63:19)

npm manifest: 
  {
    "name": "react_webpack_starter",
    "version": "1.0.0",
    "homepage": "https://simple-sifu.github.io/monsters-rolodex",
    "description": "",
    "main": "index.js",
    "scripts": {
      "start": "webpack serve --mode development",
      "build": "webpack --mode production",
      "predeploy": "yarn build",
      "deploy": "gh-pages -d build"
    },
    "author": "",
    "license": "ISC",
    "dependencies": {
      "react": "^17.0.2",
      "react-dom": "^17.0.2"
    },
    "devDependencies": {
      "@babel/core": "^7.13.10",
      "@babel/preset-env": "^7.13.12",
      "@babel/preset-react": "^7.12.13",
      "babel-loader": "^8.2.2",
      "css-loader": "^5.2.0",
      "file-loader": "^6.2.0",
      "mini-css-extract-plugin": "^1.3.9",
      "sass": "^1.32.8",
      "sass-loader": "^11.0.1",
      "style-loader": "^2.0.0",
      "webpack": "^5.28.0",
      "webpack-cli": "^4.5.0",
      "webpack-dev-server": "^3.11.2"
    }
  }

yarn manifest: 
  No manifest

Lockfile: 
  No lockfile
